<?xml version="1.0" encoding="UTF-8"?>
<coverage generated="1710138000930" clover="3.2.0">
  <project timestamp="1710138000931" name="All files">
    <metrics statements="4" coveredstatements="3" conditionals="0" coveredconditionals="0" methods="3" coveredmethods="2" elements="7" coveredelements="5" complexity="0" loc="4" ncloc="4" packages="1" files="1" classes="1"/>
    <file name="ChangeSignCommand.js" path="/Users/yury.ignatiev/Documents/programming/testinw/src/commands/ChangeSignCommand/ChangeSignCommand.js">
      <metrics statements="4" coveredstatements="3" conditionals="0" coveredconditionals="0" methods="3" coveredmethods="2"/>
      <line num="3" count="1" type="stmt"/>
      <line num="7" count="1" type="stmt"/>
      <line num="9" count="1" type="stmt"/>
      <line num="13" count="0" type="stmt"/>
    </file>
  </project>
</coverage>
